Arguments: 
  C:\Program Files\nodejs\node.exe C:\Program Files\nodejs\node_modules\yarn\bin\yarn.js add -D rollup rollup-eslint-plugin rollup-terser-plugin

PATH: 
  C:\Program Files (x86)\Common Files\Oracle\Java\javapath;C:\Program Files (x86)\Intel\iCLS Client\;C:\Program Files\Intel\iCLS Client\;C:\windows\system32;C:\windows;C:\windows\System32\Wbem;C:\windows\System32\WindowsPowerShell\v1.0\;C:\Program Files (x86)\Intel\Intel(R) Management Engine Components\DAL;C:\Program Files\Intel\Intel(R) Management Engine Components\DAL;C:\Program Files (x86)\Intel\Intel(R) Management Engine Components\IPT;C:\Program Files\Intel\Intel(R) Management Engine Components\IPT;C:\Program Files\Microsoft SQL Server\110\Tools\Binn\;C:\Program Files\dotnet\;C:\Users\badinim\AppData\Roaming\nvm;C:\Program Files\nodejs;C:\Program Files\Microsoft SQL Server\130\Tools\Binn\;C:\ProgramData\chocolatey\bin;C:\Users\badinim\AppData\Local\Programs\Git\cmd;C:\Program Files (x86)\GitExtensions\;C:\Users\badinim\AppData\Local\Microsoft\WindowsApps;C:\Users\badinim\AppData\Local\Programs\Microsoft VS Code\bin;C:\Users\badinim\AppData\Local\Programs\Git\cmd;C:\Users\badinim\AppData\Roaming\nvm;C:\Program Files\nodejs;C:\Users\badinim\AppData\Local\Programs\Fiddler;C:\Users\badinim\.dotnet\tools

Yarn version: 
  1.15.2

Node version: 
  10.15.0

Platform: 
  win32 x64

Trace: 
  Error: https://registry.yarnpkg.com/rollup-eslint-plugin: Not found
      at Request.params.callback [as _callback] (C:\Users\badinim\AppData\Roaming\nvm\v10.15.0\node_modules\yarn\lib\cli.js:66058:18)
      at Request.self.callback (C:\Users\badinim\AppData\Roaming\nvm\v10.15.0\node_modules\yarn\lib\cli.js:129541:22)
      at Request.emit (events.js:182:13)
      at Request.<anonymous> (C:\Users\badinim\AppData\Roaming\nvm\v10.15.0\node_modules\yarn\lib\cli.js:130513:10)
      at Request.emit (events.js:182:13)
      at IncomingMessage.<anonymous> (C:\Users\badinim\AppData\Roaming\nvm\v10.15.0\node_modules\yarn\lib\cli.js:130435:12)
      at Object.onceWrapper (events.js:273:13)
      at IncomingMessage.emit (events.js:187:15)
      at endReadableNT (_stream_readable.js:1094:12)
      at process._tickCallback (internal/process/next_tick.js:63:19)

npm manifest: 
  {
    "name": "vanilla-fade",
    "version": "0.0.0",
    "description": "VanillaJS implementation of the JQuery fade methods ",
    "main": "dist/fade.js",
    "repository": "https://github.com/matteobad/vanilla-fade.git",
    "author": "Matteo Badini <matteo.badini@ynap.com>",
    "license": "MIT"
  }

yarn manifest: 
  No manifest

Lockfile: 
  No lockfile
